GROUP,PACKAGE,CLASS,INSTRUCTION_MISSED,INSTRUCTION_COVERED,BRANCH_MISSED,BRANCH_COVERED,LINE_MISSED,LINE_COVERED,COMPLEXITY_MISSED,COMPLEXITY_COVERED,METHOD_MISSED,METHOD_COVERED
notes-service,com.medilabo.notes,NotesServiceApplication,5,3,0,0,2,1,1,1,1,1
notes-service,com.medilabo.notes.service,NoteService,0,134,0,4,0,35,0,11,0,9
notes-service,com.medilabo.notes.controller,NoteController,0,38,0,0,0,9,0,6,0,6
notes-service,com.medilabo.notes.exception,NotFoundException,0,4,0,0,0,2,0,1,0,1
notes-service,com.medilabo.notes.exception,GlobalExceptionHandler,0,121,0,0,0,23,0,7,0,7
notes-service,com.medilabo.notes.model,Note,0,53,0,0,0,23,0,12,0,12
notes-service,com.medilabo.notes.dto,NoteDTO,0,53,0,0,0,23,0,12,0,12
