GROUP,PACKAGE,CLASS,INSTRUCTION_MISSED,INSTRUCTION_COVERED,BRANCH_MISSED,BRANCH_COVERED,LINE_MISSED,LINE_COVERED,COMPLEXITY_MISSED,COMPLEXITY_COVERED,METHOD_MISSED,METHOD_COVERED
patient-service,com.medilabo.patient.model,Patient,0,83,0,0,0,35,0,18,0,18
patient-service,com.medilabo.patient.exception,GlobalExceptionHandler,50,71,0,0,10,13,3,4,3,4
patient-service,com.medilabo.patient.exception,NotFoundException,0,4,0,0,0,2,0,1,0,1
patient-service,com.medilabo.patient.service,PatientService,0,202,2,8,0,51,2,13,0,10
patient-service,com.medilabo.patient.dto,PatientDTO,0,83,0,0,0,35,0,18,0,18
patient-service,com.medilabo.patient.controller,PatientController,0,45,0,0,0,10,0,7,0,7
patient-service,com.medilabo.patient,PatientServiceApplication,5,3,0,0,2,1,1,1,1,1
