<?xml version="1.0" encoding="UTF-8"?>
<testsuite xmlns:xsi="http://www.w3.org/2001/XMLSchema-instance" xsi:noNamespaceSchemaLocation="https://maven.apache.org/surefire/maven-surefire-plugin/xsd/surefire-test-report-3.0.xsd" version="3.0" name="com.medilabo.front.controller.PatientWebControllerTest" time="6.516" tests="11" errors="0" skipped="0" failures="0">
  <properties>
[...]
</properties>
  <testcase name="shouldReturnAddFormWhenCreatePatientFormIsInvalid" classname="com.medilabo.front.controller.PatientWebControllerTest" time="0.948">
    <system-out><![CDATA[20:09:18.033 [main] INFO org.springframework.test.context.support.AnnotationConfigContextLoaderUtils -- Could not detect default configuration classes for test class [com.medilabo.front.controller.PatientWebControllerTest]: PatientWebControllerTest does not declare any static, non-private, non-final, nested classes annotated with @Configuration.
20:09:18.332 [main] INFO org.springframework.boot.test.context.SpringBootTestContextBootstrapper -- Found @SpringBootConfiguration com.medilabo.front.FrontServiceApplication for test class com.medilabo.front.controller.PatientWebControllerTest

  .   ____          _            __ _ _
 /\\ / ___'_ __ _ _(_)_ __  __ _ \ \ \ \
( ( )\___ | '_ | '_| | '_ \/ _` | \ \ \ \
 \\/  ___)| |_)| | | | | || (_| |  ) ) ) )
  '  |____| .__|_| |_|_| |_\__, | / / / /
 =========|_|==============|___/=/_/_/_/
 :: Spring Boot ::                (v3.2.5)

2026-04-09T20:09:19.182+02:00  INFO 17864 --- [front-service] [           main] c.m.f.c.PatientWebControllerTest         : Starting PatientWebControllerTest using Java 21.0.5 with PID 17864 (started by caill in C:\Users\caill\Desktop\Projetopen Java\Projet9\Projet-9\front-service)
2026-04-09T20:09:19.185+02:00  INFO 17864 --- [front-service] [           main] c.m.f.c.PatientWebControllerTest         : No active profile set, falling back to 1 default profile: "default"
2026-04-09T20:09:22.655+02:00  WARN 17864 --- [front-service] [           main] .s.s.UserDetailsServiceAutoConfiguration : 

Using generated security password: abff2d08-dcd2-46bc-ac70-b155a437194d

This generated password is for development use only. Your security configuration must be updated before running your application in production.

2026-04-09T20:09:22.917+02:00  INFO 17864 --- [front-service] [           main] o.s.s.web.DefaultSecurityFilterChain     : Will secure any request with [org.springframework.security.web.session.DisableEncodeUrlFilter@2c3762c7, org.springframework.security.web.context.request.async.WebAsyncManagerIntegrationFilter@6cd0f9a4, org.springframework.security.web.context.SecurityContextHolderFilter@40f88929, org.springframework.security.web.header.HeaderWriterFilter@20dc2df1, org.springframework.web.filter.CorsFilter@4d992634, org.springframework.security.web.csrf.CsrfFilter@67d8e214, org.springframework.security.web.authentication.logout.LogoutFilter@4ff1f872, org.springframework.security.web.authentication.UsernamePasswordAuthenticationFilter@1ca876b7, org.springframework.security.web.authentication.ui.DefaultLoginPageGeneratingFilter@9223122, org.springframework.security.web.authentication.ui.DefaultLogoutPageGeneratingFilter@2d487df4, org.springframework.security.web.authentication.www.BasicAuthenticationFilter@2e6dc94c, org.springframework.security.web.savedrequest.RequestCacheAwareFilter@72378bfd, org.springframework.security.web.servletapi.SecurityContextHolderAwareRequestFilter@147c00c7, org.springframework.security.web.authentication.AnonymousAuthenticationFilter@3a7e13c0, org.springframework.security.web.access.ExceptionTranslationFilter@6eed5b68, org.springframework.security.web.access.intercept.AuthorizationFilter@7334dcbe]
2026-04-09T20:09:22.997+02:00  INFO 17864 --- [front-service] [           main] o.s.b.t.m.w.SpringBootMockServletContext : Initializing Spring TestDispatcherServlet ''
2026-04-09T20:09:22.998+02:00  INFO 17864 --- [front-service] [           main] o.s.t.web.servlet.TestDispatcherServlet  : Initializing Servlet ''
2026-04-09T20:09:23.000+02:00  INFO 17864 --- [front-service] [           main] o.s.t.web.servlet.TestDispatcherServlet  : Completed initialization in 2 ms
2026-04-09T20:09:23.045+02:00  INFO 17864 --- [front-service] [           main] c.m.f.c.PatientWebControllerTest         : Started PatientWebControllerTest in 4.578 seconds (process running for 6.499)
]]></system-out>
    <system-err><![CDATA[WARNING: A Java agent has been loaded dynamically (C:\Users\caill\.m2\repository\net\bytebuddy\byte-buddy-agent\1.14.13\byte-buddy-agent-1.14.13.jar)
WARNING: If a serviceability tool is in use, please run with -XX:+EnableDynamicAgentLoading to hide this warning
WARNING: If a serviceability tool is not in use, please run with -Djdk.instrument.traceUsage for more information
WARNING: Dynamic loading of agents will be disallowed by default in a future release
]]></system-err>
  </testcase>
  <testcase name="shouldDisplayAddPatientForm" classname="com.medilabo.front.controller.PatientWebControllerTest" time="0.01"/>
  <testcase name="shouldDisplayErrorAndAllPatientsWhenLastNameIsBlank" classname="com.medilabo.front.controller.PatientWebControllerTest" time="0.04"/>
  <testcase name="shouldSearchPatientsWhenLastNameIsProvided" classname="com.medilabo.front.controller.PatientWebControllerTest" time="0.024"/>
  <testcase name="shouldRedirectHomeToPatients" classname="com.medilabo.front.controller.PatientWebControllerTest" time="0.007"/>
  <testcase name="shouldUpdatePatientWhenFormIsValid" classname="com.medilabo.front.controller.PatientWebControllerTest" time="0.018"/>
  <testcase name="shouldReturnEditFormWhenUpdatePatientFormIsInvalid" classname="com.medilabo.front.controller.PatientWebControllerTest" time="0.01"/>
  <testcase name="shouldDisplayAllPatientsWhenNoSearchParameterIsProvided" classname="com.medilabo.front.controller.PatientWebControllerTest" time="0.008"/>
  <testcase name="shouldDisplayEditPatientForm" classname="com.medilabo.front.controller.PatientWebControllerTest" time="0.012"/>
  <testcase name="shouldDeletePatient" classname="com.medilabo.front.controller.PatientWebControllerTest" time="0.005"/>
  <testcase name="shouldCreatePatientWhenFormIsValid" classname="com.medilabo.front.controller.PatientWebControllerTest" time="0.008"/>
</testsuite>